<?xml version="1.0" encoding="UTF-8"?>
<!-- Generated by org.testng.reporters.JUnitReportReporter -->
<testsuite skipped="0" hostname="LAPTOP-DVJDDLRA" name="com.cts.tests.TestLogoutpage" tests="3" failures="0" timestamp="08 Apr 2020 11:05:48 GMT" time="18.001" errors="0">
  <testcase name="login" time="4.171" classname="com.cts.tests.TestLogoutpage"/>
  <testcase name="testlogout" time="10.864" classname="com.cts.tests.TestLogoutpage"/>
  <testcase name="login" time="2.966" classname="com.cts.tests.TestLogoutpage"/>
</testsuite> <!-- com.cts.tests.TestLogoutpage -->
