<?xml version="1.0" encoding="UTF-8"?>
<!-- Generated by org.testng.reporters.JUnitReportReporter -->
<testsuite skipped="0" hostname="LAPTOP-DVJDDLRA" name="com.cts.tests.TestAdminJobCategories" tests="3" failures="0" timestamp="08 Apr 2020 11:05:48 GMT" time="19.848" errors="0">
  <testcase name="login" time="6.831" classname="com.cts.tests.TestAdminJobCategories"/>
  <testcase name="testadmin" time="10.428" classname="com.cts.tests.TestAdminJobCategories"/>
  <testcase name="login" time="2.589" classname="com.cts.tests.TestAdminJobCategories"/>
</testsuite> <!-- com.cts.tests.TestAdminJobCategories -->
