<?xml version="1.0" encoding="UTF-8"?>
<!-- Generated by org.testng.reporters.JUnitReportReporter -->
<testsuite skipped="0" hostname="LAPTOP-DVJDDLRA" name="com.cts.tests.TestMaintenancePage" tests="3" failures="0" timestamp="08 Apr 2020 11:05:48 GMT" time="21.210" errors="0">
  <testcase name="login" time="7.526" classname="com.cts.tests.TestMaintenancePage"/>
  <testcase name="testmaintenance" time="10.607" classname="com.cts.tests.TestMaintenancePage"/>
  <testcase name="login" time="3.077" classname="com.cts.tests.TestMaintenancePage"/>
</testsuite> <!-- com.cts.tests.TestMaintenancePage -->
