<?xml version="1.0" encoding="UTF-8"?>
<!-- Generated by org.testng.reporters.JUnitReportReporter -->
<testsuite skipped="0" hostname="LAPTOP-DVJDDLRA" name="com.cts.tests.TestDashboard" tests="3" failures="0" timestamp="08 Apr 2020 11:05:48 GMT" time="19.371" errors="0">
  <testcase name="login" time="6.926" classname="com.cts.tests.TestDashboard"/>
  <testcase name="testleaves" time="8.554" classname="com.cts.tests.TestDashboard"/>
  <testcase name="login" time="3.891" classname="com.cts.tests.TestDashboard"/>
</testsuite> <!-- com.cts.tests.TestDashboard -->
