<?xml version="1.0" encoding="UTF-8"?>
<!-- Generated by org.testng.reporters.JUnitReportReporter -->
<testsuite skipped="0" hostname="LAPTOP-DVJDDLRA" name="com.cts.tests.TestLoginPage" tests="2" failures="0" timestamp="08 Apr 2020 11:05:48 GMT" time="7.126" errors="0">
  <testcase name="login" time="3.683" classname="com.cts.tests.TestLoginPage"/>
  <testcase name="login" time="3.443" classname="com.cts.tests.TestLoginPage"/>
</testsuite> <!-- com.cts.tests.TestLoginPage -->
