<?xml version="1.0" encoding="UTF-8"?>
<!-- Generated by org.testng.reporters.JUnitReportReporter -->
<testsuite skipped="0" hostname="LAPTOP-DVJDDLRA" name="com.cts.tests.TestLeavesPage" tests="3" failures="0" timestamp="08 Apr 2020 11:05:48 GMT" time="25.058" errors="0">
  <testcase name="login" time="3.564" classname="com.cts.tests.TestLeavesPage"/>
  <testcase name="login" time="3.112" classname="com.cts.tests.TestLeavesPage"/>
  <testcase name="testleaves" time="18.382" classname="com.cts.tests.TestLeavesPage"/>
</testsuite> <!-- com.cts.tests.TestLeavesPage -->
